Open SystemVerilog file "axi_master_duv_tb.sv"
  Open include file  "/package/eda/mg/questa10.6b/questasim/uvm-1.2/../verilog_src/uvm-1.2/src/uvm_macros.svh" from "axi_master_duv_tb.sv"(1)
    Open include file  "/package/eda/mg/questa10.6b/questasim/uvm-1.2/../verilog_src/uvm-1.2/src/macros/uvm_version_defines.svh" from "/package/eda/mg/questa10.6b/questasim/uvm-1.2/../verilog_src/uvm-1.2/src/uvm_macros.svh"(69)
    Close include file "/package/eda/mg/questa10.6b/questasim/uvm-1.2/../verilog_src/uvm-1.2/src/macros/uvm_version_defines.svh"; continuing at "/package/eda/mg/questa10.6b/questasim/uvm-1.2/../verilog_src/uvm-1.2/src/uvm_macros.svh"(69)
    Open include file  "/package/eda/mg/questa10.6b/questasim/uvm-1.2/../verilog_src/uvm-1.2/src/macros/uvm_global_defines.svh" from "/package/eda/mg/questa10.6b/questasim/uvm-1.2/../verilog_src/uvm-1.2/src/uvm_macros.svh"(70)
    Close include file "/package/eda/mg/questa10.6b/questasim/uvm-1.2/../verilog_src/uvm-1.2/src/macros/uvm_global_defines.svh"; continuing at "/package/eda/mg/questa10.6b/questasim/uvm-1.2/../verilog_src/uvm-1.2/src/uvm_macros.svh"(70)
    Open include file  "/package/eda/mg/questa10.6b/questasim/uvm-1.2/../verilog_src/uvm-1.2/src/macros/uvm_message_defines.svh" from "/package/eda/mg/questa10.6b/questasim/uvm-1.2/../verilog_src/uvm-1.2/src/uvm_macros.svh"(71)
    Close include file "/package/eda/mg/questa10.6b/questasim/uvm-1.2/../verilog_src/uvm-1.2/src/macros/uvm_message_defines.svh"; continuing at "/package/eda/mg/questa10.6b/questasim/uvm-1.2/../verilog_src/uvm-1.2/src/uvm_macros.svh"(71)
    Open include file  "/package/eda/mg/questa10.6b/questasim/uvm-1.2/../verilog_src/uvm-1.2/src/macros/uvm_phase_defines.svh" from "/package/eda/mg/questa10.6b/questasim/uvm-1.2/../verilog_src/uvm-1.2/src/uvm_macros.svh"(72)
    Close include file "/package/eda/mg/questa10.6b/questasim/uvm-1.2/../verilog_src/uvm-1.2/src/macros/uvm_phase_defines.svh"; continuing at "/package/eda/mg/questa10.6b/questasim/uvm-1.2/../verilog_src/uvm-1.2/src/uvm_macros.svh"(72)
    Open include file  "/package/eda/mg/questa10.6b/questasim/uvm-1.2/../verilog_src/uvm-1.2/src/macros/uvm_object_defines.svh" from "/package/eda/mg/questa10.6b/questasim/uvm-1.2/../verilog_src/uvm-1.2/src/uvm_macros.svh"(73)
    Close include file "/package/eda/mg/questa10.6b/questasim/uvm-1.2/../verilog_src/uvm-1.2/src/macros/uvm_object_defines.svh"; continuing at "/package/eda/mg/questa10.6b/questasim/uvm-1.2/../verilog_src/uvm-1.2/src/uvm_macros.svh"(73)
    Open include file  "/package/eda/mg/questa10.6b/questasim/uvm-1.2/../verilog_src/uvm-1.2/src/macros/uvm_printer_defines.svh" from "/package/eda/mg/questa10.6b/questasim/uvm-1.2/../verilog_src/uvm-1.2/src/uvm_macros.svh"(74)
    Close include file "/package/eda/mg/questa10.6b/questasim/uvm-1.2/../verilog_src/uvm-1.2/src/macros/uvm_printer_defines.svh"; continuing at "/package/eda/mg/questa10.6b/questasim/uvm-1.2/../verilog_src/uvm-1.2/src/uvm_macros.svh"(74)
    Open include file  "/package/eda/mg/questa10.6b/questasim/uvm-1.2/../verilog_src/uvm-1.2/src/macros/uvm_tlm_defines.svh" from "/package/eda/mg/questa10.6b/questasim/uvm-1.2/../verilog_src/uvm-1.2/src/uvm_macros.svh"(75)
      Open include file  "/package/eda/mg/questa10.6b/questasim/uvm-1.2/../verilog_src/uvm-1.2/src/tlm1/uvm_tlm_imps.svh" from "/package/eda/mg/questa10.6b/questasim/uvm-1.2/../verilog_src/uvm-1.2/src/macros/uvm_tlm_defines.svh"(616)
      Close include file "/package/eda/mg/questa10.6b/questasim/uvm-1.2/../verilog_src/uvm-1.2/src/tlm1/uvm_tlm_imps.svh"; continuing at "/package/eda/mg/questa10.6b/questasim/uvm-1.2/../verilog_src/uvm-1.2/src/macros/uvm_tlm_defines.svh"(616)
    Close include file "/package/eda/mg/questa10.6b/questasim/uvm-1.2/../verilog_src/uvm-1.2/src/macros/uvm_tlm_defines.svh"; continuing at "/package/eda/mg/questa10.6b/questasim/uvm-1.2/../verilog_src/uvm-1.2/src/uvm_macros.svh"(75)
    Open include file  "/package/eda/mg/questa10.6b/questasim/uvm-1.2/../verilog_src/uvm-1.2/src/macros/uvm_sequence_defines.svh" from "/package/eda/mg/questa10.6b/questasim/uvm-1.2/../verilog_src/uvm-1.2/src/uvm_macros.svh"(76)
    Close include file "/package/eda/mg/questa10.6b/questasim/uvm-1.2/../verilog_src/uvm-1.2/src/macros/uvm_sequence_defines.svh"; continuing at "/package/eda/mg/questa10.6b/questasim/uvm-1.2/../verilog_src/uvm-1.2/src/uvm_macros.svh"(76)
    Open include file  "/package/eda/mg/questa10.6b/questasim/uvm-1.2/../verilog_src/uvm-1.2/src/macros/uvm_callback_defines.svh" from "/package/eda/mg/questa10.6b/questasim/uvm-1.2/../verilog_src/uvm-1.2/src/uvm_macros.svh"(77)
    Close include file "/package/eda/mg/questa10.6b/questasim/uvm-1.2/../verilog_src/uvm-1.2/src/macros/uvm_callback_defines.svh"; continuing at "/package/eda/mg/questa10.6b/questasim/uvm-1.2/../verilog_src/uvm-1.2/src/uvm_macros.svh"(77)
    Open include file  "/package/eda/mg/questa10.6b/questasim/uvm-1.2/../verilog_src/uvm-1.2/src/macros/uvm_reg_defines.svh" from "/package/eda/mg/questa10.6b/questasim/uvm-1.2/../verilog_src/uvm-1.2/src/uvm_macros.svh"(78)
    Close include file "/package/eda/mg/questa10.6b/questasim/uvm-1.2/../verilog_src/uvm-1.2/src/macros/uvm_reg_defines.svh"; continuing at "/package/eda/mg/questa10.6b/questasim/uvm-1.2/../verilog_src/uvm-1.2/src/uvm_macros.svh"(78)
    Open include file  "/package/eda/mg/questa10.6b/questasim/uvm-1.2/../verilog_src/uvm-1.2/src/macros/uvm_deprecated_defines.svh" from "/package/eda/mg/questa10.6b/questasim/uvm-1.2/../verilog_src/uvm-1.2/src/uvm_macros.svh"(79)
    Close include file "/package/eda/mg/questa10.6b/questasim/uvm-1.2/../verilog_src/uvm-1.2/src/macros/uvm_deprecated_defines.svh"; continuing at "/package/eda/mg/questa10.6b/questasim/uvm-1.2/../verilog_src/uvm-1.2/src/uvm_macros.svh"(79)
  Close include file "/package/eda/mg/questa10.6b/questasim/uvm-1.2/../verilog_src/uvm-1.2/src/uvm_macros.svh"; continuing at "axi_master_duv_tb.sv"(1)
  Open include file  "axi_master_if.svh" from "axi_master_duv_tb.sv"(4)
    Open include file  "master_params.svh" from "axi_master_if.svh"(4)
    Close include file "master_params.svh"; continuing at "axi_master_if.svh"(4)
    Open include file  "/package/eda/mg/questa10.6b/questasim/uvm-1.2/../verilog_src/uvm-1.2/src/uvm_macros.svh" from "axi_master_if.svh"(12)
    Close include file "/package/eda/mg/questa10.6b/questasim/uvm-1.2/../verilog_src/uvm-1.2/src/uvm_macros.svh"; continuing at "axi_master_if.svh"(12)
  Close include file "axi_master_if.svh"; continuing at "axi_master_duv_tb.sv"(4)
  Open include file  "master_test.svh" from "axi_master_duv_tb.sv"(5)
    Open include file  "/package/eda/mg/questa10.6b/questasim/uvm-1.2/../verilog_src/uvm-1.2/src/uvm_macros.svh" from "master_test.svh"(1)
    Close include file "/package/eda/mg/questa10.6b/questasim/uvm-1.2/../verilog_src/uvm-1.2/src/uvm_macros.svh"; continuing at "master_test.svh"(1)
    Open include file  "master_enviroment.svh" from "master_test.svh"(4)
      Open include file  "/package/eda/mg/questa10.6b/questasim/uvm-1.2/../verilog_src/uvm-1.2/src/uvm_macros.svh" from "master_enviroment.svh"(1)
      Close include file "/package/eda/mg/questa10.6b/questasim/uvm-1.2/../verilog_src/uvm-1.2/src/uvm_macros.svh"; continuing at "master_enviroment.svh"(1)
      Open include file  "axi_master_if.svh" from "master_enviroment.svh"(3)
      Close include file "axi_master_if.svh"; continuing at "master_enviroment.svh"(3)
      Open include file  "master_agent.svh" from "master_enviroment.svh"(4)
        Open include file  "/package/eda/mg/questa10.6b/questasim/uvm-1.2/../verilog_src/uvm-1.2/src/uvm_macros.svh" from "master_agent.svh"(1)
        Close include file "/package/eda/mg/questa10.6b/questasim/uvm-1.2/../verilog_src/uvm-1.2/src/uvm_macros.svh"; continuing at "master_agent.svh"(1)
        Open include file  "master_driver.svh" from "master_agent.svh"(4)
          Open include file  "/package/eda/mg/questa10.6b/questasim/uvm-1.2/../verilog_src/uvm-1.2/src/uvm_macros.svh" from "master_driver.svh"(2)
          Close include file "/package/eda/mg/questa10.6b/questasim/uvm-1.2/../verilog_src/uvm-1.2/src/uvm_macros.svh"; continuing at "master_driver.svh"(2)
          Open include file  "axi_master_if.svh" from "master_driver.svh"(5)
          Close include file "axi_master_if.svh"; continuing at "master_driver.svh"(5)
          Open include file  "master_seqit.svh" from "master_driver.svh"(6)
            Open include file  "/package/eda/mg/questa10.6b/questasim/uvm-1.2/../verilog_src/uvm-1.2/src/uvm_macros.svh" from "master_seqit.svh"(5)
            Close include file "/package/eda/mg/questa10.6b/questasim/uvm-1.2/../verilog_src/uvm-1.2/src/uvm_macros.svh"; continuing at "master_seqit.svh"(5)
            Open include file  "master_params.svh" from "master_seqit.svh"(8)
            Close include file "master_params.svh"; continuing at "master_seqit.svh"(8)
          Close include file "master_seqit.svh"; continuing at "master_driver.svh"(6)
        Close include file "master_driver.svh"; continuing at "master_agent.svh"(4)
        Open include file  "master_monitor.svh" from "master_agent.svh"(5)
          Open include file  "/package/eda/mg/questa10.6b/questasim/uvm-1.2/../verilog_src/uvm-1.2/src/uvm_macros.svh" from "master_monitor.svh"(2)
          Close include file "/package/eda/mg/questa10.6b/questasim/uvm-1.2/../verilog_src/uvm-1.2/src/uvm_macros.svh"; continuing at "master_monitor.svh"(2)
          Open include file  "axi_master_if.svh" from "master_monitor.svh"(3)
          Close include file "axi_master_if.svh"; continuing at "master_monitor.svh"(3)
          Open include file  "master_seqit.svh" from "master_monitor.svh"(4)
          Close include file "master_seqit.svh"; continuing at "master_monitor.svh"(4)
          Open include file  "master_params.svh" from "master_monitor.svh"(5)
          Close include file "master_params.svh"; continuing at "master_monitor.svh"(5)
        Close include file "master_monitor.svh"; continuing at "master_agent.svh"(5)
        Open include file  "master_sequencer.svh" from "master_agent.svh"(6)
        Close include file "master_sequencer.svh"; continuing at "master_agent.svh"(6)
      Close include file "master_agent.svh"; continuing at "master_enviroment.svh"(4)
      Open include file  "master_scoreboard.svh" from "master_enviroment.svh"(5)
        Open include file  "/package/eda/mg/questa10.6b/questasim/uvm-1.2/../verilog_src/uvm-1.2/src/uvm_macros.svh" from "master_scoreboard.svh"(3)
        Close include file "/package/eda/mg/questa10.6b/questasim/uvm-1.2/../verilog_src/uvm-1.2/src/uvm_macros.svh"; continuing at "master_scoreboard.svh"(3)
        Open include file  "master_params.svh" from "master_scoreboard.svh"(5)
        Close include file "master_params.svh"; continuing at "master_scoreboard.svh"(5)
        Open include file  "master_seqit.svh" from "master_scoreboard.svh"(8)
        Close include file "master_seqit.svh"; continuing at "master_scoreboard.svh"(8)
        Open include file  "axi_master_if.svh" from "master_scoreboard.svh"(9)
        Close include file "axi_master_if.svh"; continuing at "master_scoreboard.svh"(9)
      Close include file "master_scoreboard.svh"; continuing at "master_enviroment.svh"(5)
      Open include file  "master_seqit.svh" from "master_enviroment.svh"(6)
      Close include file "master_seqit.svh"; continuing at "master_enviroment.svh"(6)
    Close include file "master_enviroment.svh"; continuing at "master_test.svh"(4)
    Open include file  "Sequences/master_rst_sequence.svh" from "master_test.svh"(5)
      Open include file  "/package/eda/mg/questa10.6b/questasim/uvm-1.2/../verilog_src/uvm-1.2/src/uvm_macros.svh" from "Sequences/master_rst_sequence.svh"(4)
      Close include file "/package/eda/mg/questa10.6b/questasim/uvm-1.2/../verilog_src/uvm-1.2/src/uvm_macros.svh"; continuing at "Sequences/master_rst_sequence.svh"(4)
      Open include file  "Sequences/../master_params.svh" from "Sequences/master_rst_sequence.svh"(8)
      Close include file "Sequences/../master_params.svh"; continuing at "Sequences/master_rst_sequence.svh"(8)
      Open include file  "Sequences/../master_seqit.svh" from "Sequences/master_rst_sequence.svh"(9)
      Close include file "Sequences/../master_seqit.svh"; continuing at "Sequences/master_rst_sequence.svh"(9)
    Close include file "Sequences/master_rst_sequence.svh"; continuing at "master_test.svh"(5)
    Open include file  "axi_master_if.svh" from "master_test.svh"(6)
    Close include file "axi_master_if.svh"; continuing at "master_test.svh"(6)
    Open include file  "phony_master_driver.svh" from "master_test.svh"(7)
      Open include file  "/package/eda/mg/questa10.6b/questasim/uvm-1.2/../verilog_src/uvm-1.2/src/uvm_macros.svh" from "phony_master_driver.svh"(1)
      Close include file "/package/eda/mg/questa10.6b/questasim/uvm-1.2/../verilog_src/uvm-1.2/src/uvm_macros.svh"; continuing at "phony_master_driver.svh"(1)
      Open include file  "axi_master_if.svh" from "phony_master_driver.svh"(4)
      Close include file "axi_master_if.svh"; continuing at "phony_master_driver.svh"(4)
      Open include file  "master_seqit.svh" from "phony_master_driver.svh"(5)
      Close include file "master_seqit.svh"; continuing at "phony_master_driver.svh"(5)
    Close include file "phony_master_driver.svh"; continuing at "master_test.svh"(7)
  Close include file "master_test.svh"; continuing at "axi_master_duv_tb.sv"(5)
  Open include file  "axi_duv_master_modify.sv" from "axi_master_duv_tb.sv"(6)
  Close include file "axi_duv_master_modify.sv"; continuing at "axi_master_duv_tb.sv"(6)
Close file "axi_master_duv_tb.sv"
